#
# A fatal error has been detected by the Java Runtime Environment:
#
#  SIGSEGV (0xb) at pc=0x0000000109b052de, pid=674, tid=2571
#
# JRE version: Java(TM) SE Runtime Environment (8.0_65-b17) (build 1.8.0_65-b17)
# Java VM: Java HotSpot(TM) 64-Bit Server VM (25.65-b01 mixed mode bsd-amd64 compressed oops)
# Problematic frame:
# V  [libjvm.dylib+0x1692de]
#
# Failed to write core dump. Core dumps have been disabled. To enable core dumping, try "ulimit -c unlimited" before starting Java again
#
# If you would like to submit a bug report, please visit:
#   http://bugreport.java.com/bugreport/crash.jsp
#

---------------  T H R E A D  ---------------

Current thread is native thread

siginfo: si_signo: 11 (SIGSEGV), si_code: 1 (SEGV_MAPERR), si_addr: 0x0000000000000270

Registers:
RAX=0x0000000000000000, RBX=0x0000000000000000, RCX=0x0000000109cad20f, RDX=0x00007f95491821f8
RSP=0x00007fff564d8c30, RBP=0x00007fff564d8c40, RSI=0x0000000000000006, RDI=0x00007fff564d8c80
R8 =0x0000000000000000, R9 =0x0000000000000000, R10=0x00007f954dc7c430, R11=0x000000011e5efea0
R12=0x00007f95491821f8, R13=0x0000000124606890, R14=0x00007f95491821f8, R15=0x0000000000000000
RIP=0x0000000109b052de, EFLAGS=0x0000000000010246, ERR=0x0000000000000006
  TRAPNO=0x000000000000000e

Top of Stack: (sp=0x00007fff564d8c30)
0x00007fff564d8c30:   00007f9548fa3830 00007f95491821f8
0x00007fff564d8c40:   00007fff564d8ca0 0000000109cad23f
0x00007fff564d8c50:   a100da21cbd04742 0000000000000000
0x00007fff564d8c60:   00007f954a7e7200 00007f954de85cf0
0x00007fff564d8c70:   00007fff564d8ca0 0000000124ed16e9
0x00007fff564d8c80:   0000000000000000 00007f9548d968c0
0x00007fff564d8c90:   00007f954a7e7200 00007f954de85cf0
0x00007fff564d8ca0:   00007fff564d8d00 0000000124e31ebb
0x00007fff564d8cb0:   a100da21cbd04742 0000000000000000
0x00007fff564d8cc0:   40aa49a4b4283b33 00007f954ded6310
0x00007fff564d8cd0:   00007fff564d8d00 00007fff88f874c0
0x00007fff564d8ce0:   0000000000000000 0000000124606890
0x00007fff564d8cf0:   00007f954de85cf0 00007f954ded6310
0x00007fff564d8d00:   00007fff564d8d60 00007fff8a230793
0x00007fff564d8d10:   0000017a00000004 0000000000000000
0x00007fff564d8d20:   00007f954de85cf0 0000000000000000
0x00007fff564d8d30:   40aa49a4b4283b33 00007fff88f874c0
0x00007fff564d8d40:   00007f954db9a8b0 00007f954de85cf0
0x00007fff564d8d50:   0000000000000004 0000000000000000
0x00007fff564d8d60:   00007fff564d8dd0 00007fff8a23033d
0x00007fff564d8d70:   3ff0000000000000 4082c00000000000
0x00007fff564d8d80:   4077a00000000000 0000000000000000
0x00007fff564d8d90:   0000000000000000 4082c00000000000
0x00007fff564d8da0:   4077a00000000000 00007fff564d8eb0
0x00007fff564d8db0:   0000000124607f28 00007fff96d496b2
0x00007fff564d8dc0:   0000000000000001 0000000124607e80
0x00007fff564d8dd0:   00007fff564d9eb0 00007fff8a1d44a5
0x00007fff564d8de0:   00007fff564d9eb0 00007fff8a1d4367
0x00007fff564d8df0:   00007fff564d8e60 00007fff7685ba80
0x00007fff564d8e00:   0000000124607f28 0000000124607f28
0x00007fff564d8e10:   0000000124607e80 0000000000000000
0x00007fff564d8e20:   00007f954a213c00 00007fff564d8de0 

Instructions: (pc=0x0000000109b052de)
0x0000000109b052be:   0e 48 8b 0b 49 8b 56 18 48 63 c0 48 89 0c c2 5b
0x0000000109b052ce:   41 5e 5d c3 90 90 55 48 89 e5 41 56 53 48 8b 1f
0x0000000109b052de:   c7 83 70 02 00 00 05 00 00 00 48 8d 05 c9 50 77
0x0000000109b052ee:   00 8b 00 83 f8 01 41 89 f6 75 0c 48 8d 0d 06 b8 

Register to memory mapping:

RAX=0x0000000000000000 is an unknown value
RBX=0x0000000000000000 is an unknown value
RCX=0x0000000109cad20f: jni_NewLocalRef+0 in /Library/Java/JavaVirtualMachines/jdk1.8.0_65.jdk/Contents/Home/jre/lib/server/libjvm.dylib at 0x000000010999c000
RDX=0x00007f95491821f8 is an unknown value
RSP=0x00007fff564d8c30 is an unknown value
RBP=0x00007fff564d8c40 is an unknown value
RSI=0x0000000000000006 is an unknown value
RDI=0x00007fff564d8c80 is an unknown value
R8 =0x0000000000000000 is an unknown value
R9 =0x0000000000000000 is an unknown value
R10=0x00007f954dc7c430 is an unknown value
R11=0x000000011e5efea0: OBJC_CLASS_$_JNFJObjectWrapper+0 in /System/Library/Frameworks/JavaVM.framework/Versions/A/Frameworks/JavaNativeFoundation.framework/Versions/A/JavaNativeFoundation at 0x000000011e5e5000
R12=0x00007f95491821f8 is an unknown value
R13=0x0000000124606890 is an unknown value
R14=0x00007f95491821f8 is an unknown value
R15=0x0000000000000000 is an unknown value


Stack: [0x00007fff55ce0000,0x00007fff564e0000],  sp=0x00007fff564d8c30,  free space=8163k
Native frames: (J=compiled Java code, j=interpreted, Vv=VM code, C=native code)
V  [libjvm.dylib+0x1692de]
V  [libjvm.dylib+0x31123f]
C  [libawt_lwawt.dylib+0x19ebb]  -[CGLLayer drawInCGLContext:pixelFormat:forLayerTime:displayTime:]+0xee
C  [QuartzCore+0x6d793]  _ZL17CAOpenGLLayerDrawP13CAOpenGLLayerdPK11CVTimeStampj+0x2ca
C  [QuartzCore+0x6d33d]  -[CAOpenGLLayer _display]+0x160
C  [QuartzCore+0x114a5]  _ZN2CA5Layer17display_if_neededEPNS_11TransactionE+0x25b
C  [QuartzCore+0x10fcd]  _ZN2CA5Layer28layout_and_display_if_neededEPNS_11TransactionE+0x23
C  [QuartzCore+0x104a1]  _ZN2CA7Context18commit_transactionEPNS_11TransactionE+0x115
C  [QuartzCore+0x100ec]  _ZN2CA11Transaction6commitEv+0x1fc
C  [QuartzCore+0x1b977]  _ZN2CA11Transaction17observer_callbackEP19__CFRunLoopObservermPv+0x47
C  [CoreFoundation+0xaa067]  __CFRUNLOOP_IS_CALLING_OUT_TO_AN_OBSERVER_CALLBACK_FUNCTION__+0x17
C  [CoreFoundation+0xa9fd7]  __CFRunLoopDoObservers+0x187
C  [CoreFoundation+0x895da]  __CFRunLoopRun+0x49a
C  [CoreFoundation+0x88ed8]  CFRunLoopRunSpecific+0x128
C  [java+0x6463]  CreateExecutionEnvironment+0x367
C  [java+0x21ac]  JLI_Launch+0x7a0
C  [java+0x84c0]  main+0x65
C  [java+0x1a04]  start+0x34


---------------  P R O C E S S  ---------------

VM state:not at safepoint (normal execution)

VM Mutex/Monitor currently owned by a thread: None

Heap:
 PSYoungGen      total 336896K, used 78392K [0x00000007aab00000, 0x00000007bfe80000, 0x00000007c0000000)
  eden space 328192K, 23% used [0x00000007aab00000,0x00000007af4d0370,0x00000007beb80000)
  from space 8704K, 32% used [0x00000007bf600000,0x00000007bf8be078,0x00000007bfe80000)
  to   space 9728K, 0% used [0x00000007beb80000,0x00000007beb80000,0x00000007bf500000)
 ParOldGen       total 82432K, used 34627K [0x0000000780000000, 0x0000000785080000, 0x00000007aab00000)
  object space 82432K, 42% used [0x0000000780000000,0x00000007821d0d18,0x0000000785080000)
 Metaspace       used 33504K, capacity 34079K, committed 34432K, reserved 1079296K
  class space    used 3685K, capacity 3841K, committed 3968K, reserved 1048576K

Card table byte_map: [0x000000011a5c0000,0x000000011a7c1000] byte_map_base: 0x00000001169c0000

Marking Bits: (ParMarkBitMap*) 0x000000010a27ae20
 Begin Bits: [0x000000011a917000, 0x000000011b917000)
 End Bits:   [0x000000011b917000, 0x000000011c917000)

Polling page: 0x000000010a96c000

CodeCache: size=245760Kb used=22637Kb max_used=24054Kb free=223122Kb
 bounds [0x000000010b200000, 0x000000010c9e0000, 0x000000011a200000]
 total_blobs=6344 nmethods=5517 adapters=747
 compilation: enabled

Compilation events (10 events):
Event: 51.841 Thread 0x00007f954a85e800 nmethod 6806 0x000000010b800090 code [0x000000010b800220, 0x000000010b800598]
Event: 51.842 Thread 0x00007f954a85e800 6807       3       sun.awt.image.SunWritableRaster::stealData (11 bytes)
Event: 51.842 Thread 0x00007f954a85e800 nmethod 6807 0x000000010b41eed0 code [0x000000010b41f040, 0x000000010b41f250]
Event: 51.843 Thread 0x00007f954a85e800 6808       3       java.awt.image.DataBuffer$1::getData (7 bytes)
Event: 51.843 Thread 0x00007f954a85e800 nmethod 6808 0x000000010b6b04d0 code [0x000000010b6b0640, 0x000000010b6b07d0]
Event: 51.844 Thread 0x00007f954a85e800 6809       3       sun.awt.image.SurfaceManager::getImageScale (22 bytes)
Event: 51.844 Thread 0x00007f954a85e800 nmethod 6809 0x000000010b359190 code [0x000000010b359320, 0x000000010b359748]
Event: 51.844 Thread 0x00007f954a85e800 6810       3       sun.awt.SunHints$Value::get (8 bytes)
Event: 51.845 Thread 0x00007f954a85e800 nmethod 6810 0x000000010b92d5d0 code [0x000000010b92d740, 0x000000010b92d8d0]
Event: 51.845 Thread 0x00007f954a85e800 6811       3       java.security.AccessControlContext::<init> (30 bytes)

GC Heap History (10 events):
Event: 20.122 GC heap before
{Heap before GC invocations=21 (full 3):
 PSYoungGen      total 305664K, used 128K [0x00000007aab00000, 0x00000007be200000, 0x00000007c0000000)
  eden space 294912K, 0% used [0x00000007aab00000,0x00000007aab00000,0x00000007bcb00000)
  from space 10752K, 1% used [0x00000007bd780000,0x00000007bd7a0000,0x00000007be200000)
  to   space 11776K, 0% used [0x00000007bcb00000,0x00000007bcb00000,0x00000007bd680000)
 ParOldGen       total 72192K, used 57943K [0x0000000780000000, 0x0000000784680000, 0x00000007aab00000)
  object space 72192K, 80% used [0x0000000780000000,0x0000000783895d28,0x0000000784680000)
 Metaspace       used 31047K, capacity 31517K, committed 31872K, reserved 1077248K
  class space    used 3508K, capacity 3662K, committed 3712K, reserved 1048576K
Event: 20.222 GC heap after
Heap after GC invocations=21 (full 3):
 PSYoungGen      total 305664K, used 0K [0x00000007aab00000, 0x00000007be200000, 0x00000007c0000000)
  eden space 294912K, 0% used [0x00000007aab00000,0x00000007aab00000,0x00000007bcb00000)
  from space 10752K, 0% used [0x00000007bd780000,0x00000007bd780000,0x00000007be200000)
  to   space 11776K, 0% used [0x00000007bcb00000,0x00000007bcb00000,0x00000007bd680000)
 ParOldGen       total 82432K, used 34595K [0x0000000780000000, 0x0000000785080000, 0x00000007aab00000)
  object space 82432K, 41% used [0x0000000780000000,0x00000007821c8d18,0x0000000785080000)
 Metaspace       used 31047K, capacity 31517K, committed 31872K, reserved 1077248K
  class space    used 3508K, capacity 3662K, committed 3712K, reserved 1048576K
}
Event: 25.258 GC heap before
{Heap before GC invocations=22 (full 3):
 PSYoungGen      total 305664K, used 294912K [0x00000007aab00000, 0x00000007be200000, 0x00000007c0000000)
  eden space 294912K, 100% used [0x00000007aab00000,0x00000007bcb00000,0x00000007bcb00000)
  from space 10752K, 0% used [0x00000007bd780000,0x00000007bd780000,0x00000007be200000)
  to   space 11776K, 0% used [0x00000007bcb00000,0x00000007bcb00000,0x00000007bd680000)
 ParOldGen       total 82432K, used 34595K [0x0000000780000000, 0x0000000785080000, 0x00000007aab00000)
  object space 82432K, 41% used [0x0000000780000000,0x00000007821c8d18,0x0000000785080000)
 Metaspace       used 32738K, capacity 33273K, committed 33536K, reserved 1079296K
  class space    used 3616K, capacity 3768K, committed 3840K, reserved 1048576K
Event: 25.265 GC heap after
Heap after GC invocations=22 (full 3):
 PSYoungGen      total 306688K, used 2897K [0x00000007aab00000, 0x00000007c0000000, 0x00000007c0000000)
  eden space 294912K, 0% used [0x00000007aab00000,0x00000007aab00000,0x00000007bcb00000)
  from space 11776K, 24% used [0x00000007bcb00000,0x00000007bcdd4518,0x00000007bd680000)
  to   space 11264K, 0% used [0x00000007bf500000,0x00000007bf500000,0x00000007c0000000)
 ParOldGen       total 82432K, used 34603K [0x0000000780000000, 0x0000000785080000, 0x00000007aab00000)
  object space 82432K, 41% used [0x0000000780000000,0x00000007821cad18,0x0000000785080000)
 Metaspace       used 32738K, capacity 33273K, committed 33536K, reserved 1079296K
  class space    used 3616K, capacity 3768K, committed 3840K, reserved 1048576K
}
Event: 33.025 GC heap before
{Heap before GC invocations=23 (full 3):
 PSYoungGen      total 306688K, used 297809K [0x00000007aab00000, 0x00000007c0000000, 0x00000007c0000000)
  eden space 294912K, 100% used [0x00000007aab00000,0x00000007bcb00000,0x00000007bcb00000)
  from space 11776K, 24% used [0x00000007bcb00000,0x00000007bcdd4518,0x00000007bd680000)
  to   space 11264K, 0% used [0x00000007bf500000,0x00000007bf500000,0x00000007c0000000)
 ParOldGen       total 82432K, used 34603K [0x0000000780000000, 0x0000000785080000, 0x00000007aab00000)
  object space 82432K, 41% used [0x0000000780000000,0x00000007821cad18,0x0000000785080000)
 Metaspace       used 33089K, capacity 33593K, committed 33792K, reserved 1079296K
  class space    used 3617K, capacity 3768K, committed 3840K, reserved 1048576K
Event: 33.030 GC heap after
Heap after GC invocations=23 (full 3):
 PSYoungGen      total 335872K, used 2664K [0x00000007aab00000, 0x00000007bfe80000, 0x00000007c0000000)
  eden space 326144K, 0% used [0x00000007aab00000,0x00000007aab00000,0x00000007be980000)
  from space 9728K, 27% used [0x00000007bf500000,0x00000007bf79a048,0x00000007bfe80000)
  to   space 10752K, 0% used [0x00000007be980000,0x00000007be980000,0x00000007bf400000)
 ParOldGen       total 82432K, used 34611K [0x0000000780000000, 0x0000000785080000, 0x00000007aab00000)
  object space 82432K, 41% used [0x0000000780000000,0x00000007821ccd18,0x0000000785080000)
 Metaspace       used 33089K, capacity 33593K, committed 33792K, reserved 1079296K
  class space    used 3617K, capacity 3768K, committed 3840K, reserved 1048576K
}
Event: 41.705 GC heap before
{Heap before GC invocations=24 (full 3):
 PSYoungGen      total 335872K, used 328808K [0x00000007aab00000, 0x00000007bfe80000, 0x00000007c0000000)
  eden space 326144K, 100% used [0x00000007aab00000,0x00000007be980000,0x00000007be980000)
  from space 9728K, 27% used [0x00000007bf500000,0x00000007bf79a048,0x00000007bfe80000)
  to   space 10752K, 0% used [0x00000007be980000,0x00000007be980000,0x00000007bf400000)
 ParOldGen       total 82432K, used 34611K [0x0000000780000000, 0x0000000785080000, 0x00000007aab00000)
  object space 82432K, 41% used [0x0000000780000000,0x00000007821ccd18,0x0000000785080000)
 Metaspace       used 33113K, capacity 33657K, committed 34048K, reserved 1079296K
  class space    used 3618K, capacity 3768K, committed 3840K, reserved 1048576K
Event: 41.713 GC heap after
Heap after GC invocations=24 (full 3):
 PSYoungGen      total 336896K, used 2744K [0x00000007aab00000, 0x00000007c0000000, 0x00000007c0000000)
  eden space 326144K, 0% used [0x00000007aab00000,0x00000007aab00000,0x00000007be980000)
  from space 10752K, 25% used [0x00000007be980000,0x00000007bec2e038,0x00000007bf400000)
  to   space 10240K, 0% used [0x00000007bf600000,0x00000007bf600000,0x00000007c0000000)
 ParOldGen       total 82432K, used 34619K [0x0000000780000000, 0x0000000785080000, 0x00000007aab00000)
  object space 82432K, 41% used [0x0000000780000000,0x00000007821ced18,0x0000000785080000)
 Metaspace       used 33113K, capacity 33657K, committed 34048K, reserved 1079296K
  class space    used 3618K, capacity 3768K, committed 3840K, reserved 1048576K
}
Event: 50.155 GC heap before
{Heap before GC invocations=25 (full 3):
 PSYoungGen      total 336896K, used 328888K [0x00000007aab00000, 0x00000007c0000000, 0x00000007c0000000)
  eden space 326144K, 100% used [0x00000007aab00000,0x00000007be980000,0x00000007be980000)
  from space 10752K, 25% used [0x00000007be980000,0x00000007bec2e038,0x00000007bf400000)
  to   space 10240K, 0% used [0x00000007bf600000,0x00000007bf600000,0x00000007c0000000)
 ParOldGen       total 82432K, used 34619K [0x0000000780000000, 0x0000000785080000, 0x00000007aab00000)
  object space 82432K, 41% used [0x0000000780000000,0x00000007821ced18,0x0000000785080000)
 Metaspace       used 33113K, capacity 33657K, committed 34048K, reserved 1079296K
  class space    used 3618K, capacity 3768K, committed 3840K, reserved 1048576K
Event: 50.161 GC heap after
Heap after GC invocations=25 (full 3):
 PSYoungGen      total 336896K, used 2808K [0x00000007aab00000, 0x00000007bfe80000, 0x00000007c0000000)
  eden space 328192K, 0% used [0x00000007aab00000,0x00000007aab00000,0x00000007beb80000)
  from space 8704K, 32% used [0x00000007bf600000,0x00000007bf8be078,0x00000007bfe80000)
  to   space 9728K, 0% used [0x00000007beb80000,0x00000007beb80000,0x00000007bf500000)
 ParOldGen       total 82432K, used 34627K [0x0000000780000000, 0x0000000785080000, 0x00000007aab00000)
  object space 82432K, 42% used [0x0000000780000000,0x00000007821d0d18,0x0000000785080000)
 Metaspace       used 33113K, capacity 33657K, committed 34048K, reserved 1079296K
  class space    used 3618K, capacity 3768K, committed 3840K, reserved 1048576K
}

Deoptimization events (10 events):
Event: 50.404 Thread 0x00007f954a9fb000 Uncommon trap: reason=unstable_if action=reinterpret pc=0x000000010bddf334 method=java.text.DigitList.set(ZLjava/lang/String;ZZIZ)V @ 249
Event: 51.678 Thread 0x00007f954f099800 Uncommon trap: reason=unstable_if action=reinterpret pc=0x000000010c6cdff4 method=java.io.UnixFileSystem.getBooleanAttributes(Ljava/io/File;)I @ 25
Event: 51.678 Thread 0x00007f954f099800 Uncommon trap: reason=unstable_if action=reinterpret pc=0x000000010c1735a8 method=java.text.SimpleDateFormat.compile(Ljava/lang/String;)[C @ 331
Event: 51.705 Thread 0x00007f954a9fb000 Uncommon trap: reason=unstable_if action=reinterpret pc=0x000000010b929224 method=java.util.logging.Logger.isLoggable(Ljava/util/logging/Level;)Z @ 8
Event: 51.711 Thread 0x00007f954a9fb000 Uncommon trap: reason=class_check action=maybe_recompile pc=0x000000010b7f1180 method=java.util.regex.Pattern$5.isSatisfiedBy(I)Z @ 16
Event: 51.712 Thread 0x00007f954a9fb000 Uncommon trap: reason=class_check action=maybe_recompile pc=0x000000010b7f1180 method=java.util.regex.Pattern$5.isSatisfiedBy(I)Z @ 16
Event: 51.718 Thread 0x00007f954f965800 Uncommon trap: reason=unstable_if action=reinterpret pc=0x000000010c9c60f8 method=java.lang.Integer.getChars(II[C)V @ 20
Event: 51.727 Thread 0x00007f954f965800 Uncommon trap: reason=unstable_if action=reinterpret pc=0x000000010c9098d0 method=java.lang.Integer.getChars(II[C)V @ 20
Event: 51.778 Thread 0x00007f954a9fb000 Uncommon trap: reason=unstable_if action=reinterpret pc=0x000000010c96d2a8 method=com.bulletphysics.collision.broadphase.DbvtBroadphase.listremove(Lcom/bulletphysics/collision/broadphase/DbvtProxy;Lcom/bulletphysics/collision/broadphase/DbvtProxy;)Lcom/bu
Event: 51.819 Thread 0x00007f954a9fb000 Uncommon trap: reason=unstable_if action=reinterpret pc=0x000000010b82cc7c method=java.util.HashMap$HashIterator.<init>(Ljava/util/HashMap;)V @ 45

Internal exceptions (10 events):
Event: 18.057 Thread 0x00007f954a9fb000 Exception <a 'java/lang/reflect/InvocationTargetException'> (0x00000007ac869798) thrown at [/Users/java_re/workspace/8-2-build-macosx-x86_64/jdk8u65/4987/hotspot/src/share/vm/runtime/reflection.cpp, line 1092]
Event: 21.060 Thread 0x00007f954a9fb000 Implicit null exception at 0x000000010ba9bbc3 to 0x000000010baa0255
Event: 21.062 Thread 0x00007f954a9fb000 Implicit null exception at 0x000000010b9fe851 to 0x000000010b9fec50
Event: 21.106 Thread 0x00007f954a9fb000 Implicit null exception at 0x000000010ba7d9af to 0x000000010ba7db2d
Event: 34.990 Thread 0x00007f954a9fb000 Implicit null exception at 0x000000010b734e15 to 0x000000010b738125
Event: 34.990 Thread 0x00007f954a9fb000 Implicit null exception at 0x000000010c85411f to 0x000000010c85d0ad
Event: 35.007 Thread 0x00007f954a9fb000 Implicit null exception at 0x000000010b351815 to 0x000000010b351d81
Event: 51.704 Thread 0x00007f954a9fb000 Exception <a 'java/lang/NullPointerException'> (0x00000007ae44c138) thrown at [/Users/java_re/workspace/8-2-build-macosx-x86_64/jdk8u65/4987/hotspot/src/share/vm/interpreter/linkResolver.cpp, line 1178]
Event: 51.779 Thread 0x00007f954a4db000 Exception <a 'java/lang/InterruptedException': sleep interrupted> (0x00000007aef18280) thrown at [/Users/java_re/workspace/8-2-build-macosx-x86_64/jdk8u65/4987/hotspot/src/share/vm/prims/jvm.cpp, line 3215]
Event: 51.824 Thread 0x00007f954a9fb000 Exception <a 'java/lang/NullPointerException'> (0x00000007ae71a6b8) thrown at [/Users/java_re/workspace/8-2-build-macosx-x86_64/jdk8u65/4987/hotspot/src/share/vm/interpreter/linkResolver.cpp, line 1178]

Events (10 events):
Event: 51.841 loading class com/apple/laf/AquaPainter$RecyclableJRSUISlicedImageControl done
Event: 51.841 loading class com/apple/laf/AquaImageFactory$SlicedImageControl
Event: 51.841 loading class com/apple/laf/AquaImageFactory$SlicedImageControl done
Event: 51.841 loading class sun/java2d/loops/Blit$GeneralMaskBlit
Event: 51.841 loading class sun/java2d/loops/Blit$GeneralMaskBlit done
Event: 51.843 Thread 0x00007f954a85e800 flushing nmethod 0x000000010b751990
Event: 51.843 Thread 0x00007f954a85e800 flushing nmethod 0x000000010b7efad0
Event: 51.844 Thread 0x00007f954a85e800 flushing nmethod 0x000000010b8972d0
Event: 51.844 Thread 0x00007f954a85e800 flushing nmethod 0x000000010b8d70d0
Event: 51.844 Thread 0x00007f954a85e800 flushing nmethod 0x000000010b8e8010


Dynamic libraries:
0x0000000005e56000 	/System/Library/Frameworks/Cocoa.framework/Versions/A/Cocoa
0x0000000005e56000 	/System/Library/Frameworks/Security.framework/Versions/A/Security
0x0000000005e56000 	/System/Library/Frameworks/ApplicationServices.framework/Versions/A/ApplicationServices
0x0000000005e56000 	/usr/lib/libz.1.dylib
0x0000000005e56000 	/usr/lib/libSystem.B.dylib
0x0000000005e56000 	/usr/lib/libobjc.A.dylib
0x0000000005e56000 	/System/Library/Frameworks/CoreFoundation.framework/Versions/A/CoreFoundation
0x0000000005e56000 	/System/Library/Frameworks/Foundation.framework/Versions/C/Foundation
0x0000000005e56000 	/System/Library/Frameworks/AppKit.framework/Versions/C/AppKit
0x0000000005e56000 	/System/Library/Frameworks/CoreData.framework/Versions/A/CoreData
0x0000000005e56000 	/System/Library/PrivateFrameworks/RemoteViewServices.framework/Versions/A/RemoteViewServices
0x0000000005e56000 	/System/Library/PrivateFrameworks/UIFoundation.framework/Versions/A/UIFoundation
0x0000000005e56000 	/usr/lib/libScreenReader.dylib
0x0000000005e56000 	/System/Library/Frameworks/Accelerate.framework/Versions/A/Accelerate
0x0000000005e56000 	/System/Library/Frameworks/IOSurface.framework/Versions/A/IOSurface
0x0000000005e56000 	/System/Library/Frameworks/AudioToolbox.framework/Versions/A/AudioToolbox
0x0000000005e56000 	/System/Library/Frameworks/AudioUnit.framework/Versions/A/AudioUnit
0x0000000005e56000 	/System/Library/PrivateFrameworks/DataDetectorsCore.framework/Versions/A/DataDetectorsCore
0x0000000005e56000 	/System/Library/PrivateFrameworks/DesktopServicesPriv.framework/Versions/A/DesktopServicesPriv
0x0000000005e56000 	/System/Library/Frameworks/Carbon.framework/Versions/A/Frameworks/HIToolbox.framework/Versions/A/HIToolbox
0x0000000005e56000 	/System/Library/Frameworks/QuartzCore.framework/Versions/A/QuartzCore
0x0000000005e56000 	/System/Library/Frameworks/Carbon.framework/Versions/A/Frameworks/SpeechRecognition.framework/Versions/A/SpeechRecognition
0x0000000005e56000 	/usr/lib/libauto.dylib
0x0000000005e56000 	/usr/lib/libicucore.A.dylib
0x0000000005e56000 	/usr/lib/libxml2.2.dylib
0x0000000005e56000 	/System/Library/PrivateFrameworks/CoreUI.framework/Versions/A/CoreUI
0x0000000005e56000 	/System/Library/Frameworks/CoreAudio.framework/Versions/A/CoreAudio
0x0000000005e56000 	/System/Library/Frameworks/DiskArbitration.framework/Versions/A/DiskArbitration
0x0000000005e56000 	/usr/lib/liblangid.dylib
0x0000000005e56000 	/System/Library/PrivateFrameworks/MultitouchSupport.framework/Versions/A/MultitouchSupport
0x0000000005e56000 	/System/Library/Frameworks/IOKit.framework/Versions/A/IOKit
0x0000000005e56000 	/usr/lib/libDiagnosticMessagesClient.dylib
0x0000000005e56000 	/System/Library/Frameworks/CoreServices.framework/Versions/A/CoreServices
0x0000000005e56000 	/System/Library/PrivateFrameworks/PerformanceAnalysis.framework/Versions/A/PerformanceAnalysis
0x0000000005e56000 	/System/Library/PrivateFrameworks/GenerationalStorage.framework/Versions/A/GenerationalStorage
0x0000000005e56000 	/System/Library/Frameworks/OpenGL.framework/Versions/A/OpenGL
0x0000000005e56000 	/System/Library/PrivateFrameworks/Sharing.framework/Versions/A/Sharing
0x0000000005e56000 	/System/Library/Frameworks/CoreGraphics.framework/Versions/A/CoreGraphics
0x0000000005e56000 	/System/Library/Frameworks/CoreImage.framework/Versions/A/CoreImage
0x0000000005e56000 	/System/Library/Frameworks/CoreText.framework/Versions/A/CoreText
0x0000000005e56000 	/System/Library/Frameworks/ImageIO.framework/Versions/A/ImageIO
0x0000000005e56000 	/System/Library/PrivateFrameworks/Backup.framework/Versions/A/Backup
0x0000000005e56000 	/usr/lib/libextension.dylib
0x0000000005e56000 	/usr/lib/libarchive.2.dylib
0x0000000005e56000 	/System/Library/Frameworks/CFNetwork.framework/Versions/A/CFNetwork
0x0000000005e56000 	/System/Library/Frameworks/SystemConfiguration.framework/Versions/A/SystemConfiguration
0x0000000005e56000 	/usr/lib/libCRFSuite.dylib
0x0000000005e56000 	/usr/lib/libc++.1.dylib
0x0000000005e56000 	/usr/lib/libc++abi.dylib
0x0000000005e56000 	/usr/lib/system/libcache.dylib
0x0000000005e56000 	/usr/lib/system/libcommonCrypto.dylib
0x0000000005e56000 	/usr/lib/system/libcompiler_rt.dylib
0x0000000005e56000 	/usr/lib/system/libcopyfile.dylib
0x0000000005e56000 	/usr/lib/system/libcorecrypto.dylib
0x0000000005e56000 	/usr/lib/system/libdispatch.dylib
0x0000000005e56000 	/usr/lib/system/libdyld.dylib
0x0000000005e56000 	/usr/lib/system/libkeymgr.dylib
0x0000000005e56000 	/usr/lib/system/liblaunch.dylib
0x0000000005e56000 	/usr/lib/system/libmacho.dylib
0x0000000005e56000 	/usr/lib/system/libquarantine.dylib
0x0000000005e56000 	/usr/lib/system/libremovefile.dylib
0x0000000005e56000 	/usr/lib/system/libsystem_asl.dylib
0x0000000005e56000 	/usr/lib/system/libsystem_blocks.dylib
0x0000000005e56000 	/usr/lib/system/libsystem_c.dylib
0x0000000005e56000 	/usr/lib/system/libsystem_configuration.dylib
0x0000000005e56000 	/usr/lib/system/libsystem_coreservices.dylib
0x0000000005e56000 	/usr/lib/system/libsystem_coretls.dylib
0x0000000005e56000 	/usr/lib/system/libsystem_dnssd.dylib
0x0000000005e56000 	/usr/lib/system/libsystem_info.dylib
0x0000000005e56000 	/usr/lib/system/libsystem_kernel.dylib
0x0000000005e56000 	/usr/lib/system/libsystem_m.dylib
0x0000000005e56000 	/usr/lib/system/libsystem_malloc.dylib
0x0000000005e56000 	/usr/lib/system/libsystem_network.dylib
0x0000000005e56000 	/usr/lib/system/libsystem_networkextension.dylib
0x0000000005e56000 	/usr/lib/system/libsystem_notify.dylib
0x0000000005e56000 	/usr/lib/system/libsystem_platform.dylib
0x0000000005e56000 	/usr/lib/system/libsystem_pthread.dylib
0x0000000005e56000 	/usr/lib/system/libsystem_sandbox.dylib
0x0000000005e56000 	/usr/lib/system/libsystem_secinit.dylib
0x0000000005e56000 	/usr/lib/system/libsystem_trace.dylib
0x0000000005e56000 	/usr/lib/system/libunc.dylib
0x0000000005e56000 	/usr/lib/system/libunwind.dylib
0x0000000005e56000 	/usr/lib/system/libxpc.dylib
0x0000000005e56000 	/usr/lib/libenergytrace.dylib
0x0000000005e56000 	/usr/lib/libbsm.0.dylib
0x0000000005e56000 	/usr/lib/system/libkxld.dylib
0x0000000005e56000 	/usr/lib/libxar.1.dylib
0x0000000005e56000 	/usr/lib/libsqlite3.dylib
0x0000000005e56000 	/usr/lib/libpam.2.dylib
0x0000000005e56000 	/usr/lib/libOpenScriptingUtil.dylib
0x0000000005e56000 	/usr/lib/libbz2.1.0.dylib
0x0000000005e56000 	/usr/lib/liblzma.5.dylib
0x0000000005e56000 	/System/Library/Frameworks/CoreServices.framework/Versions/A/Frameworks/FSEvents.framework/Versions/A/FSEvents
0x0000000005e56000 	/System/Library/Frameworks/CoreServices.framework/Versions/A/Frameworks/CarbonCore.framework/Versions/A/CarbonCore
0x0000000005e56000 	/System/Library/Frameworks/CoreServices.framework/Versions/A/Frameworks/Metadata.framework/Versions/A/Metadata
0x0000000005e56000 	/System/Library/Frameworks/CoreServices.framework/Versions/A/Frameworks/OSServices.framework/Versions/A/OSServices
0x0000000005e56000 	/System/Library/Frameworks/CoreServices.framework/Versions/A/Frameworks/SearchKit.framework/Versions/A/SearchKit
0x0000000005e56000 	/System/Library/Frameworks/CoreServices.framework/Versions/A/Frameworks/AE.framework/Versions/A/AE
0x0000000005e56000 	/System/Library/Frameworks/CoreServices.framework/Versions/A/Frameworks/LaunchServices.framework/Versions/A/LaunchServices
0x0000000005e56000 	/System/Library/Frameworks/CoreServices.framework/Versions/A/Frameworks/DictionaryServices.framework/Versions/A/DictionaryServices
0x0000000005e56000 	/System/Library/Frameworks/CoreServices.framework/Versions/A/Frameworks/SharedFileList.framework/Versions/A/SharedFileList
0x0000000005e56000 	/System/Library/Frameworks/NetFS.framework/Versions/A/NetFS
0x0000000005e56000 	/System/Library/PrivateFrameworks/NetAuth.framework/Versions/A/NetAuth
0x0000000005e56000 	/System/Library/PrivateFrameworks/login.framework/Versions/A/Frameworks/loginsupport.framework/Versions/A/loginsupport
0x0000000005e56000 	/System/Library/PrivateFrameworks/TCC.framework/Versions/A/TCC
0x0000000005e56000 	/usr/lib/libmecabra.dylib
0x0000000005e56000 	/System/Library/Frameworks/ApplicationServices.framework/Versions/A/Frameworks/ATS.framework/Versions/A/ATS
0x0000000005e56000 	/System/Library/Frameworks/ApplicationServices.framework/Versions/A/Frameworks/ColorSync.framework/Versions/A/ColorSync
0x0000000005e56000 	/System/Library/Frameworks/ApplicationServices.framework/Versions/A/Frameworks/HIServices.framework/Versions/A/HIServices
0x0000000005e56000 	/System/Library/Frameworks/ApplicationServices.framework/Versions/A/Frameworks/LangAnalysis.framework/Versions/A/LangAnalysis
0x0000000005e56000 	/System/Library/Frameworks/ApplicationServices.framework/Versions/A/Frameworks/PrintCore.framework/Versions/A/PrintCore
0x0000000005e56000 	/System/Library/Frameworks/ApplicationServices.framework/Versions/A/Frameworks/QD.framework/Versions/A/QD
0x0000000005e56000 	/System/Library/Frameworks/ApplicationServices.framework/Versions/A/Frameworks/SpeechSynthesis.framework/Versions/A/SpeechSynthesis
0x0000000005e56000 	/System/Library/Frameworks/Metal.framework/Versions/A/Metal
0x0000000005e56000 	/System/Library/Frameworks/Accelerate.framework/Versions/A/Frameworks/vImage.framework/Versions/A/vImage
0x0000000005e56000 	/System/Library/Frameworks/Accelerate.framework/Versions/A/Frameworks/vecLib.framework/Versions/A/vecLib
0x0000000005e56000 	/System/Library/Frameworks/Accelerate.framework/Versions/A/Frameworks/vecLib.framework/Versions/A/libvDSP.dylib
0x0000000005e56000 	/System/Library/Frameworks/Accelerate.framework/Versions/A/Frameworks/vecLib.framework/Versions/A/libvMisc.dylib
0x0000000005e56000 	/System/Library/Frameworks/Accelerate.framework/Versions/A/Frameworks/vecLib.framework/Versions/A/libLAPACK.dylib
0x0000000005e56000 	/System/Library/Frameworks/Accelerate.framework/Versions/A/Frameworks/vecLib.framework/Versions/A/libBLAS.dylib
0x0000000005e56000 	/System/Library/Frameworks/Accelerate.framework/Versions/A/Frameworks/vecLib.framework/Versions/A/libLinearAlgebra.dylib
0x0000000005e56000 	/System/Library/Frameworks/Accelerate.framework/Versions/A/Frameworks/vecLib.framework/Versions/A/libSparseBLAS.dylib
0x0000000005e56000 	/System/Library/PrivateFrameworks/GPUCompiler.framework/libmetal_timestamp.dylib
0x0000000005e56000 	/System/Library/Frameworks/OpenGL.framework/Versions/A/Libraries/libCoreFSCache.dylib
0x0000000005e56000 	/System/Library/PrivateFrameworks/IOAccelerator.framework/Versions/A/IOAccelerator
0x0000000005e56000 	/System/Library/Frameworks/ApplicationServices.framework/Versions/A/Frameworks/ATS.framework/Versions/A/Resources/libFontParser.dylib
0x0000000005e56000 	/System/Library/Frameworks/ApplicationServices.framework/Versions/A/Frameworks/ATS.framework/Versions/A/Resources/libFontRegistry.dylib
0x0000000005e56000 	/System/Library/PrivateFrameworks/AppleVPA.framework/Versions/A/AppleVPA
0x0000000005e56000 	/System/Library/PrivateFrameworks/AppleJPEG.framework/Versions/A/AppleJPEG
0x0000000005e56000 	/System/Library/Frameworks/ImageIO.framework/Versions/A/Resources/libJPEG.dylib
0x0000000005e56000 	/System/Library/Frameworks/ImageIO.framework/Versions/A/Resources/libTIFF.dylib
0x0000000005e56000 	/System/Library/Frameworks/ImageIO.framework/Versions/A/Resources/libPng.dylib
0x0000000005e56000 	/System/Library/Frameworks/ImageIO.framework/Versions/A/Resources/libGIF.dylib
0x0000000005e56000 	/System/Library/Frameworks/ImageIO.framework/Versions/A/Resources/libJP2.dylib
0x0000000005e56000 	/System/Library/Frameworks/ImageIO.framework/Versions/A/Resources/libRadiance.dylib
0x0000000005e56000 	/System/Library/Frameworks/CoreVideo.framework/Versions/A/CoreVideo
0x0000000005e56000 	/System/Library/Frameworks/OpenGL.framework/Versions/A/Libraries/libGLU.dylib
0x0000000005e56000 	/System/Library/Frameworks/OpenGL.framework/Versions/A/Libraries/libGFXShared.dylib
0x0000000005e56000 	/System/Library/Frameworks/OpenGL.framework/Versions/A/Libraries/libGL.dylib
0x0000000005e56000 	/System/Library/Frameworks/OpenGL.framework/Versions/A/Libraries/libGLImage.dylib
0x0000000005e56000 	/System/Library/Frameworks/OpenGL.framework/Versions/A/Libraries/libCVMSPluginSupport.dylib
0x0000000005e56000 	/System/Library/Frameworks/OpenGL.framework/Versions/A/Libraries/libCoreVMClient.dylib
0x0000000005e56000 	/usr/lib/libcompression.dylib
0x0000000005e56000 	/usr/lib/libcups.2.dylib
0x0000000005e56000 	/System/Library/Frameworks/Kerberos.framework/Versions/A/Kerberos
0x0000000005e56000 	/System/Library/Frameworks/GSS.framework/Versions/A/GSS
0x0000000005e56000 	/usr/lib/libresolv.9.dylib
0x0000000005e56000 	/usr/lib/libiconv.2.dylib
0x0000000005e56000 	/System/Library/PrivateFrameworks/Heimdal.framework/Versions/A/Heimdal
0x0000000005e56000 	/usr/lib/libheimdal-asn1.dylib
0x0000000005e56000 	/System/Library/Frameworks/OpenDirectory.framework/Versions/A/OpenDirectory
0x0000000005e56000 	/System/Library/PrivateFrameworks/CommonAuth.framework/Versions/A/CommonAuth
0x0000000005e56000 	/System/Library/Frameworks/OpenDirectory.framework/Versions/A/Frameworks/CFOpenDirectory.framework/Versions/A/CFOpenDirectory
0x0000000005e56000 	/System/Library/Frameworks/SecurityFoundation.framework/Versions/A/SecurityFoundation
0x0000000005e56000 	/System/Library/PrivateFrameworks/LanguageModeling.framework/Versions/A/LanguageModeling
0x0000000005e56000 	/usr/lib/libmarisa.dylib
0x0000000005e56000 	/usr/lib/libChineseTokenizer.dylib
0x0000000005e56000 	/usr/lib/libcmph.dylib
0x0000000005e56000 	/System/Library/Frameworks/ServiceManagement.framework/Versions/A/ServiceManagement
0x0000000005e56000 	/usr/lib/libxslt.1.dylib
0x0000000005e56000 	/System/Library/Frameworks/Carbon.framework/Versions/A/Frameworks/Ink.framework/Versions/A/Ink
0x0000000005e56000 	/usr/lib/libFosl_dynamic.dylib
0x0000000005e56000 	/System/Library/PrivateFrameworks/FaceCore.framework/Versions/A/FaceCore
0x0000000005e56000 	/System/Library/Frameworks/OpenCL.framework/Versions/A/OpenCL
0x0000000005e56000 	/System/Library/PrivateFrameworks/CrashReporterSupport.framework/Versions/A/CrashReporterSupport
0x0000000005e56000 	/System/Library/PrivateFrameworks/IconServices.framework/Versions/A/IconServices
0x0000000005e56000 	/System/Library/PrivateFrameworks/Apple80211.framework/Versions/A/Apple80211
0x0000000005e56000 	/System/Library/Frameworks/CoreWLAN.framework/Versions/A/CoreWLAN
0x0000000005e56000 	/System/Library/Frameworks/IOBluetooth.framework/Versions/A/IOBluetooth
0x0000000005e56000 	/System/Library/PrivateFrameworks/CoreWiFi.framework/Versions/A/CoreWiFi
0x0000000005e56000 	/System/Library/Frameworks/CoreBluetooth.framework/Versions/A/CoreBluetooth
0x0000000005e56000 	/System/Library/PrivateFrameworks/ChunkingLibrary.framework/Versions/A/ChunkingLibrary
0x0000000005e56000 	/System/Library/PrivateFrameworks/DebugSymbols.framework/Versions/A/DebugSymbols
0x0000000005e56000 	/System/Library/PrivateFrameworks/CoreSymbolication.framework/Versions/A/CoreSymbolication
0x0000000005e56000 	/System/Library/PrivateFrameworks/Symbolication.framework/Versions/A/Symbolication
0x0000000005e56000 	/System/Library/PrivateFrameworks/SpeechRecognitionCore.framework/Versions/A/SpeechRecognitionCore
0x000000010999c000 	/Library/Java/JavaVirtualMachines/jdk1.8.0_65.jdk/Contents/Home/jre/lib/server/libjvm.dylib
0x0000000005e56000 	/usr/lib/libstdc++.6.dylib
0x000000010a929000 	/Library/Java/JavaVirtualMachines/jdk1.8.0_65.jdk/Contents/Home/jre/lib/libverify.dylib
0x000000010a937000 	/Library/Java/JavaVirtualMachines/jdk1.8.0_65.jdk/Contents/Home/jre/lib/libjava.dylib
0x000000010a96d000 	/Library/Java/JavaVirtualMachines/jdk1.8.0_65.jdk/Contents/Home/jre/lib/libjdwp.dylib
0x000000010a9b8000 	/Library/Java/JavaVirtualMachines/jdk1.8.0_65.jdk/Contents/Home/jre/lib/libnpt.dylib
0x000000010a9c5000 	/Library/Java/JavaVirtualMachines/jdk1.8.0_65.jdk/Contents/Home/jre/lib/libzip.dylib
0x000000010a9e3000 	/System/Library/Frameworks/JavaVM.framework/Frameworks/JavaRuntimeSupport.framework/JavaRuntimeSupport
0x000000011e5e5000 	/System/Library/Frameworks/JavaVM.framework/Versions/A/Frameworks/JavaNativeFoundation.framework/Versions/A/JavaNativeFoundation
0x000000011e5fa000 	/System/Library/Frameworks/JavaVM.framework/Versions/A/JavaVM
0x0000000005e56000 	/System/Library/Frameworks/Carbon.framework/Versions/A/Carbon
0x000000011e607000 	/System/Library/PrivateFrameworks/JavaLaunching.framework/Versions/A/JavaLaunching
0x0000000005e56000 	/System/Library/Frameworks/Carbon.framework/Versions/A/Frameworks/CommonPanels.framework/Versions/A/CommonPanels
0x0000000005e56000 	/System/Library/Frameworks/Carbon.framework/Versions/A/Frameworks/Help.framework/Versions/A/Help
0x0000000005e56000 	/System/Library/Frameworks/Carbon.framework/Versions/A/Frameworks/ImageCapture.framework/Versions/A/ImageCapture
0x0000000005e56000 	/System/Library/Frameworks/Carbon.framework/Versions/A/Frameworks/OpenScripting.framework/Versions/A/OpenScripting
0x0000000005e56000 	/System/Library/Frameworks/Carbon.framework/Versions/A/Frameworks/Print.framework/Versions/A/Print
0x0000000005e56000 	/System/Library/Frameworks/Carbon.framework/Versions/A/Frameworks/SecurityHI.framework/Versions/A/SecurityHI
0x000000011ff28000 	/Library/Java/JavaVirtualMachines/jdk1.8.0_65.jdk/Contents/Home/jre/lib/libdt_socket.dylib
0x00000001207c0000 	/Library/Java/JavaVirtualMachines/jdk1.8.0_65.jdk/Contents/Home/jre/lib/libprism_es2.dylib
0x0000000005e56000 	/System/Library/Frameworks/OpenGL.framework/Versions/A/Resources/GLEngine.bundle/GLEngine
0x0000000005e56000 	/System/Library/Frameworks/OpenGL.framework/Versions/A/Libraries/libGLProgrammability.dylib
0x0000000120842000 	/System/Library/Extensions/AppleIntelBDWGraphicsGLDriver.bundle/Contents/MacOS/AppleIntelBDWGraphicsGLDriver
0x0000000005e56000 	/System/Library/PrivateFrameworks/GPUSupport.framework/Versions/A/Libraries/libGPUSupportMercury.dylib
0x0000000005e56000 	/System/Library/Frameworks/OpenGL.framework/Versions/A/Resources/GLRendererFloat.bundle/GLRendererFloat
0x0000000005e56000 	/System/Library/Frameworks/OpenCL.framework/Versions/A/Libraries/libcldcpuengine.dylib
0x0000000005e56000 	/System/Library/PrivateFrameworks/DiskImages.framework/Versions/A/DiskImages
0x0000000005e56000 	/System/Library/Frameworks/DiscRecording.framework/Versions/A/DiscRecording
0x0000000005e56000 	/usr/lib/libcsfde.dylib
0x0000000005e56000 	/usr/lib/libcurl.4.dylib
0x0000000005e56000 	/System/Library/PrivateFrameworks/MediaKit.framework/Versions/A/MediaKit
0x0000000005e56000 	/System/Library/PrivateFrameworks/ProtectedCloudStorage.framework/Versions/A/ProtectedCloudStorage
0x0000000005e56000 	/usr/lib/libCoreStorage.dylib
0x0000000005e56000 	/System/Library/PrivateFrameworks/EFILogin.framework/Versions/A/EFILogin
0x0000000005e56000 	/usr/lib/libutil.dylib
0x0000000005e56000 	/System/Library/PrivateFrameworks/FindMyDevice.framework/Versions/A/FindMyDevice
0x0000000005e56000 	/System/Library/Frameworks/LDAP.framework/Versions/A/LDAP
0x0000000005e56000 	/usr/lib/libsasl2.2.dylib
0x0000000005e56000 	/System/Library/PrivateFrameworks/CoreDaemon.framework/Versions/B/CoreDaemon
0x0000000005e56000 	/usr/lib/libcrypto.0.9.8.dylib
0x0000000005e56000 	/System/Library/PrivateFrameworks/AppleSRP.framework/Versions/A/AppleSRP
0x0000000005e56000 	/System/Library/PrivateFrameworks/TrustEvaluationAgent.framework/Versions/A/TrustEvaluationAgent
0x000000012137b000 	/Library/Java/JavaVirtualMachines/jdk1.8.0_65.jdk/Contents/Home/jre/lib/libglass.dylib
0x0000000005e56000 	/System/Library/PrivateFrameworks/CoreServicesInternal.framework/Versions/A/CoreServicesInternal
0x0000000005e56000 	/System/Library/CoreServices/RawCamera.bundle/Contents/MacOS/RawCamera
0x0000000005e56000 	/System/Library/Frameworks/CoreGraphics.framework/Versions/A/Resources/libRIP.A.dylib
0x0000000005e56000 	/System/Library/Frameworks/Accelerate.framework/Versions/A/Frameworks/vImage.framework/Versions/A/Libraries/libCGInterfaces.dylib
0x0000000005e56000 	/System/Library/PrivateFrameworks/FamilyControls.framework/Versions/A/FamilyControls
0x0000000005e56000 	/System/Library/PrivateFrameworks/CommerceKit.framework/Versions/A/Frameworks/CommerceCore.framework/Versions/A/CommerceCore
0x0000000005e56000 	/System/Library/PrivateFrameworks/SystemAdministration.framework/Versions/A/SystemAdministration
0x0000000005e56000 	/System/Library/PrivateFrameworks/AppContainer.framework/Versions/A/AppContainer
0x0000000005e56000 	/System/Library/PrivateFrameworks/SecCodeWrapper.framework/Versions/A/SecCodeWrapper
0x0000000005e56000 	/System/Library/Frameworks/DirectoryService.framework/Versions/A/DirectoryService
0x0000000005e56000 	/System/Library/PrivateFrameworks/LoginUIKit.framework/Versions/A/Frameworks/LoginUICore.framework/Versions/A/LoginUICore
0x0000000005e56000 	/usr/lib/libodfde.dylib
0x0000000005e56000 	/System/Library/Frameworks/CoreGraphics.framework/Versions/A/Resources/libCGXType.A.dylib
0x00000001203f6000 	cl_kernels
0x0000000005e56000 	/System/Library/Frameworks/OpenCL.framework/Versions/A/Libraries/ImageFormats/unorm8_bgra.dylib
0x0000000005e56000 	/System/Library/Frameworks/OpenCL.framework/Versions/A/Libraries/ImageFormats/unorm8_rgba.dylib
0x0000000124ca4000 	/Library/Java/JavaVirtualMachines/jdk1.8.0_65.jdk/Contents/Home/jre/lib/libawt.dylib
0x0000000124d4c000 	/Library/Java/JavaVirtualMachines/jdk1.8.0_65.jdk/Contents/Home/jre/lib/./libmlib_image.dylib
0x0000000124e18000 	/Library/Java/JavaVirtualMachines/jdk1.8.0_65.jdk/Contents/Home/jre/lib/libawt_lwawt.dylib
0x0000000124ecd000 	/Library/Java/JavaVirtualMachines/jdk1.8.0_65.jdk/Contents/Home/jre/lib/./libosxapp.dylib
0x0000000005e56000 	/System/Library/Frameworks/ExceptionHandling.framework/Versions/A/ExceptionHandling
0x0000000124ee9000 	/Library/Java/JavaVirtualMachines/jdk1.8.0_65.jdk/Contents/Home/jre/lib/libfontmanager.dylib
0x0000000125977000 	/Library/Java/JavaVirtualMachines/jdk1.8.0_65.jdk/Contents/Home/jre/lib/libosxui.dylib
0x00000001263be000 	/Library/Java/JavaVirtualMachines/jdk1.8.0_65.jdk/Contents/Home/jre/lib/libosx.dylib
0x0000000127669000 	/Library/Java/JavaVirtualMachines/jdk1.8.0_65.jdk/Contents/Home/jre/lib/libnet.dylib
0x0000000127476000 	/Library/Java/JavaVirtualMachines/jdk1.8.0_65.jdk/Contents/Home/jre/lib/libnio.dylib
0x0000000005e56000 	/System/Library/Frameworks/ApplicationServices.framework/Versions/A/Frameworks/ATS.framework/Versions/A/Resources/libTrueTypeScaler.dylib
0x0000000179126000 	/System/Library/Extensions/AppleIntelBDWGraphicsMTLDriver.bundle/Contents/MacOS/AppleIntelBDWGraphicsMTLDriver
0x0000000126c95000 	/Users/chandrayeebasu/IdeaProjects/opends_project2/libopenal.dylib
0x0000000126cf1000 	/Users/chandrayeebasu/IdeaProjects/opends_project2/liblwjgl.dylib
0x000000012681d000 	/Library/Java/JavaVirtualMachines/jdk1.8.0_65.jdk/Contents/Home/jre/lib/libjawt.dylib
0x0000000126af0000 	/Users/chandrayeebasu/IdeaProjects/opends_project2/libjinput-osx.dylib
0x0000000127077000 	/System/Library/Extensions/IOHIDFamily.kext/Contents/PlugIns/IOHIDLib.plugin/Contents/MacOS/IOHIDLib
0x0000000179f82000 	/System/Library/Components/CoreAudio.component/Contents/MacOS/CoreAudio
0x0000000178fce000 	/System/Library/Extensions/AppleHDA.kext/Contents/PlugIns/AppleHDAHALPlugIn.bundle/Contents/MacOS/AppleHDAHALPlugIn
0x000000012494e000 	/Library/Java/JavaVirtualMachines/jdk1.8.0_65.jdk/Contents/Home/jre/lib/libjpeg.dylib
0x0000000124b61000 	/Library/Java/JavaVirtualMachines/jdk1.8.0_65.jdk/Contents/Home/jre/lib/liblcms.dylib

VM Arguments:
jvm_args: -agentlib:jdwp=transport=dt_socket,address=127.0.0.1:49725,suspend=y,server=n -Dfile.encoding=UTF-8 
java_command: eu.opends.main.Simulator
java_class_path (initial): /Library/Java/JavaVirtualMachines/jdk1.8.0_65.jdk/Contents/Home/jre/lib/charsets.jar:/Library/Java/JavaVirtualMachines/jdk1.8.0_65.jdk/Contents/Home/jre/lib/deploy.jar:/Library/Java/JavaVirtualMachines/jdk1.8.0_65.jdk/Contents/Home/jre/lib/ext/cldrdata.jar:/Library/Java/JavaVirtualMachines/jdk1.8.0_65.jdk/Contents/Home/jre/lib/ext/dnsns.jar:/Library/Java/JavaVirtualMachines/jdk1.8.0_65.jdk/Contents/Home/jre/lib/ext/jaccess.jar:/Library/Java/JavaVirtualMachines/jdk1.8.0_65.jdk/Contents/Home/jre/lib/ext/jfxrt.jar:/Library/Java/JavaVirtualMachines/jdk1.8.0_65.jdk/Contents/Home/jre/lib/ext/localedata.jar:/Library/Java/JavaVirtualMachines/jdk1.8.0_65.jdk/Contents/Home/jre/lib/ext/nashorn.jar:/Library/Java/JavaVirtualMachines/jdk1.8.0_65.jdk/Contents/Home/jre/lib/ext/sunec.jar:/Library/Java/JavaVirtualMachines/jdk1.8.0_65.jdk/Contents/Home/jre/lib/ext/sunjce_provider.jar:/Library/Java/JavaVirtualMachines/jdk1.8.0_65.jdk/Contents/Home/jre/lib/ext/sunpkcs11.jar:/Library/Java/JavaVirtualMachines/jdk1.8.0_65.jdk/Contents/Home/jre/lib/ext/zipfs.jar:/Library/Java/JavaVirtualMachines/jdk1.8.0_65.jdk/Contents/Home/jre/lib/javaws.jar:/Library/Java/JavaVirtualMachines/jdk1.8.0_65.jdk/Contents/Home/jre/lib/jce.jar:/Library/Java/JavaVirtualMachines/jdk1.8.0_65.jdk/Contents/Home/jre/lib/jfr.jar:/Library/Java/JavaVirtualMachines/jdk1.8.0_65.jdk/Contents/Home/jre/lib/jfxswt.jar:/Library/Java/JavaVirtualMachines/jdk1.8.0_65.jdk/Contents/Home/jre/lib/jsse.jar:/Library/Java/JavaVirtualMachines/jdk1.8.0_65.jdk/Contents/Home/jre/lib/management-agent.jar:/Library/Java/JavaVirtualMachines/jdk1.8.0_65.jdk/Contents/Home/jre/lib/plugin.jar:/Library/Java/JavaVirtualMachines/jdk1.8.0_65.jdk/Contents/Home/jre/lib/resources.jar:/Library/Java/JavaVirtualMachines/jdk1.8.0_65.jdk/Contents/Home/jre/lib/rt.jar:/Library/Java/JavaVirtualMachines/jdk1.8.0_65.jdk/Contents/Home/lib/ant-javafx.jar:/Library/Java/JavaVirtualMachines/jdk1.8.0_65.jdk/Contents/Home/lib/dt.jar:/Library/Ja
Launcher Type: SUN_STANDARD

Environment Variables:
PATH=/Users/chandrayeebasu/anaconda/bin:/usr/local/bin:/usr/bin:/bin:/usr/sbin:/sbin:/Library/TeX/texbin
SHELL=/bin/bash

Signal Handlers:
SIGSEGV: [libjvm.dylib+0x5a6d31], sa_mask[0]=11111111011111110111111111111111, sa_flags=SA_ONSTACK|SA_RESTART|SA_SIGINFO
SIGBUS: [libjvm.dylib+0x5a6d31], sa_mask[0]=11111111011111110111111111111111, sa_flags=SA_RESTART|SA_SIGINFO
SIGFPE: [libjvm.dylib+0x480a40], sa_mask[0]=11111111011111110111111111111111, sa_flags=SA_RESTART|SA_SIGINFO
SIGPIPE: [libjvm.dylib+0x480a40], sa_mask[0]=11111111011111110111111111111111, sa_flags=SA_RESTART|SA_SIGINFO
SIGXFSZ: [libjvm.dylib+0x480a40], sa_mask[0]=11111111011111110111111111111111, sa_flags=SA_RESTART|SA_SIGINFO
SIGILL: [libjvm.dylib+0x480a40], sa_mask[0]=11111111011111110111111111111111, sa_flags=SA_RESTART|SA_SIGINFO
SIGUSR1: SIG_DFL, sa_mask[0]=00000000000000000000000000000000, sa_flags=none
SIGUSR2: [libjvm.dylib+0x48055e], sa_mask[0]=00100000000000000000000000000000, sa_flags=SA_RESTART|SA_SIGINFO
SIGHUP: [libjvm.dylib+0x47eb35], sa_mask[0]=11111111011111110111111111111111, sa_flags=SA_RESTART|SA_SIGINFO
SIGINT: [libjvm.dylib+0x47eb35], sa_mask[0]=11111111011111110111111111111111, sa_flags=SA_RESTART|SA_SIGINFO
SIGTERM: [libjvm.dylib+0x47eb35], sa_mask[0]=11111111011111110111111111111111, sa_flags=SA_RESTART|SA_SIGINFO
SIGQUIT: [libjvm.dylib+0x47eb35], sa_mask[0]=11111111011111110111111111111111, sa_flags=SA_RESTART|SA_SIGINFO


---------------  S Y S T E M  ---------------

OS:Bsduname:Darwin 15.6.0 Darwin Kernel Version 15.6.0: Thu Jun 23 18:25:34 PDT 2016; root:xnu-3248.60.10~1/RELEASE_X86_64 x86_64
rlimit: STACK 8192k, CORE 0k, NPROC 709, NOFILE 10240, AS infinity
load average:2.84 1.97 1.61

CPU:total 4 (2 cores per cpu, 2 threads per core) family 6 model 61 stepping 4, cmov, cx8, fxsr, mmx, sse, sse2, sse3, ssse3, sse4.1, sse4.2, popcnt, avx, avx2, aes, clmul, erms, rtm, 3dnowpref, lzcnt, ht, tsc, tscinvbit, bmi1, bmi2, adx

Memory: 4k page, physical 4194304k(190876k free)

/proc/meminfo:


vm_info: Java HotSpot(TM) 64-Bit Server VM (25.65-b01) for bsd-amd64 JRE (1.8.0_65-b17), built on Oct  6 2015 15:36:46 by "java_re" with gcc 4.2.1 (Based on Apple Inc. build 5658) (LLVM build 2336.11.00)

time: Fri Nov 18 13:07:44 2016
elapsed time: 51 seconds (0d 0h 0m 51s)

